<?xml version="1.0" encoding="UTF-8"?>
<coverage generated="1625534857380" clover="3.2.0">
  <project timestamp="1625534857380" name="All files">
    <metrics statements="188" coveredstatements="176" conditionals="95" coveredconditionals="75" methods="75" coveredmethods="69" elements="358" coveredelements="320" complexity="0" loc="188" ncloc="188" packages="3" files="8" classes="8"/>
    <package name="vuex">
      <metrics statements="102" coveredstatements="97" conditionals="63" coveredconditionals="46" methods="38" coveredmethods="38"/>
      <file name="helpers.js" path="C:\Users\EDZ\Desktop\study\vue3\wxd-vuex\src\vuex\helpers.js">
        <metrics statements="37" coveredstatements="37" conditionals="26" coveredconditionals="21" methods="8" coveredmethods="8"/>
        <line num="4" count="9" type="cond" truecount="2" falsecount="0"/>
        <line num="5" count="8" type="stmt"/>
        <line num="6" count="8" type="stmt"/>
        <line num="7" count="1" type="cond" truecount="1" falsecount="1"/>
        <line num="8" count="1" type="stmt"/>
        <line num="10" count="9" type="stmt"/>
        <line num="14" count="9" type="stmt"/>
        <line num="15" count="9" type="stmt"/>
        <line num="16" count="9" type="stmt"/>
        <line num="18" count="9" type="stmt"/>
        <line num="20" count="9" type="stmt"/>
        <line num="21" count="9" type="stmt"/>
        <line num="22" count="11" type="stmt"/>
        <line num="23" count="11" type="stmt"/>
        <line num="24" count="11" type="stmt"/>
        <line num="25" count="11" type="stmt"/>
        <line num="27" count="11" type="cond" truecount="2" falsecount="0"/>
        <line num="28" count="1" type="stmt"/>
        <line num="29" count="1" type="cond" truecount="1" falsecount="1"/>
        <line num="30" count="1" type="cond" truecount="2" falsecount="0"/>
        <line num="33" count="11" type="cond" truecount="2" falsecount="0"/>
        <line num="34" count="7" type="cond" truecount="2" falsecount="0"/>
        <line num="37" count="4" type="cond" truecount="2" falsecount="0"/>
        <line num="38" count="2" type="cond" truecount="2" falsecount="0"/>
        <line num="41" count="2" type="cond" truecount="2" falsecount="0"/>
        <line num="42" count="1" type="cond" truecount="1" falsecount="1"/>
        <line num="43" count="1" type="cond" truecount="1" falsecount="1"/>
        <line num="44" count="1" type="cond" truecount="1" falsecount="1"/>
        <line num="48" count="9" type="stmt"/>
        <line num="51" count="1" type="stmt"/>
        <line num="52" count="5" type="stmt"/>
        <line num="55" count="1" type="stmt"/>
        <line num="56" count="2" type="stmt"/>
        <line num="59" count="1" type="stmt"/>
        <line num="60" count="1" type="stmt"/>
        <line num="63" count="1" type="stmt"/>
        <line num="64" count="1" type="stmt"/>
      </file>
      <file name="index.js" path="C:\Users\EDZ\Desktop\study\vue3\wxd-vuex\src\vuex\index.js">
        <metrics statements="1" coveredstatements="1" conditionals="0" coveredconditionals="0" methods="1" coveredmethods="1"/>
        <line num="6" count="26" type="stmt"/>
      </file>
      <file name="injectKey.js" path="C:\Users\EDZ\Desktop\study\vue3\wxd-vuex\src\vuex\injectKey.js">
        <metrics statements="2" coveredstatements="2" conditionals="3" coveredconditionals="3" methods="1" coveredmethods="1"/>
        <line num="3" count="1" type="stmt"/>
        <line num="6" count="2" type="cond" truecount="2" falsecount="0"/>
      </file>
      <file name="store.js" path="C:\Users\EDZ\Desktop\study\vue3\wxd-vuex\src\vuex\store.js">
        <metrics statements="50" coveredstatements="48" conditionals="24" coveredconditionals="15" methods="21" coveredmethods="21"/>
        <line num="8" count="18" type="stmt"/>
        <line num="9" count="18" type="stmt"/>
        <line num="10" count="18" type="cond" truecount="2" falsecount="0"/>
        <line num="11" count="18" type="stmt"/>
        <line num="14" count="26" type="stmt"/>
        <line num="17" count="26" type="stmt"/>
        <line num="20" count="26" type="cond" truecount="2" falsecount="0"/>
        <line num="22" count="26" type="stmt"/>
        <line num="25" count="26" type="stmt"/>
        <line num="27" count="26" type="stmt"/>
        <line num="29" count="26" type="stmt"/>
        <line num="31" count="26" type="stmt"/>
        <line num="34" count="26" type="stmt"/>
        <line num="35" count="26" type="stmt"/>
        <line num="38" count="26" type="stmt"/>
        <line num="41" count="26" type="stmt"/>
        <line num="44" count="26" type="stmt"/>
        <line num="47" count="26" type="cond" truecount="2" falsecount="0"/>
        <line num="48" count="2" type="stmt"/>
        <line num="52" count="63" type="stmt"/>
        <line num="55" count="10" type="cond" truecount="1" falsecount="1"/>
        <line num="56" count="10" type="stmt"/>
        <line num="57" count="11" type="stmt"/>
        <line num="59" count="10" type="stmt"/>
        <line num="62" count="3" type="cond" truecount="1" falsecount="1"/>
        <line num="63" count="3" type="stmt"/>
        <line num="64" count="3" type="stmt"/>
        <line num="68" count="1" type="cond" truecount="1" falsecount="1"/>
        <line num="69" count="0" type="stmt"/>
        <line num="71" count="1" type="stmt"/>
        <line num="74" count="1" type="cond" truecount="1" falsecount="1"/>
        <line num="75" count="0" type="stmt"/>
        <line num="77" count="1" type="stmt"/>
        <line num="80" count="1" type="stmt"/>
        <line num="81" count="1" type="stmt"/>
        <line num="85" count="10" type="cond" truecount="2" falsecount="0"/>
        <line num="86" count="10" type="stmt"/>
        <line num="89" count="3" type="cond" truecount="1" falsecount="1"/>
        <line num="91" count="3" type="stmt"/>
        <line num="93" count="3" type="stmt"/>
        <line num="95" count="3" type="stmt"/>
        <line num="97" count="3" type="stmt"/>
        <line num="100" count="1" type="cond" truecount="1" falsecount="1"/>
        <line num="102" count="1" type="stmt"/>
        <line num="104" count="1" type="stmt"/>
        <line num="105" count="1" type="stmt"/>
        <line num="106" count="1" type="stmt"/>
        <line num="109" count="1" type="stmt"/>
        <line num="112" count="2" type="cond" truecount="1" falsecount="1"/>
        <line num="114" count="2" type="stmt"/>
      </file>
      <file name="utils.js" path="C:\Users\EDZ\Desktop\study\vue3\wxd-vuex\src\vuex\utils.js">
        <metrics statements="12" coveredstatements="9" conditionals="10" coveredconditionals="7" methods="7" coveredmethods="7"/>
        <line num="2" count="93" type="cond" truecount="3" falsecount="1"/>
        <line num="3" count="0" type="stmt"/>
        <line num="5" count="93" type="cond" truecount="1" falsecount="1"/>
        <line num="6" count="0" type="stmt"/>
        <line num="8" count="93" type="stmt"/>
        <line num="9" count="37" type="stmt"/>
        <line num="14" count="17" type="stmt"/>
        <line num="18" count="9" type="cond" truecount="1" falsecount="1"/>
        <line num="19" count="0" type="stmt"/>
        <line num="21" count="9" type="cond" truecount="2" falsecount="0"/>
        <line num="22" count="7" type="stmt"/>
        <line num="23" count="2" type="stmt"/>
      </file>
    </package>
    <package name="vuex.module">
      <metrics statements="41" coveredstatements="38" conditionals="14" coveredconditionals="14" methods="19" coveredmethods="16"/>
      <file name="module.js" path="C:\Users\EDZ\Desktop\study\vue3\wxd-vuex\src\vuex\module\module.js">
        <metrics statements="18" coveredstatements="18" conditionals="8" coveredconditionals="8" methods="9" coveredmethods="9"/>
        <line num="5" count="32" type="stmt"/>
        <line num="6" count="32" type="stmt"/>
        <line num="7" count="32" type="cond" truecount="2" falsecount="0"/>
        <line num="8" count="32" type="stmt"/>
        <line num="11" count="6" type="stmt"/>
        <line num="14" count="6" type="stmt"/>
        <line num="17" count="1" type="stmt"/>
        <line num="20" count="2" type="stmt"/>
        <line num="23" count="33" type="stmt"/>
        <line num="26" count="33" type="stmt"/>
        <line num="27" count="33" type="cond" truecount="2" falsecount="0"/>
        <line num="28" count="4" type="stmt"/>
        <line num="32" count="33" type="stmt"/>
        <line num="33" count="33" type="cond" truecount="2" falsecount="0"/>
        <line num="34" count="20" type="stmt"/>
        <line num="38" count="33" type="stmt"/>
        <line num="39" count="33" type="cond" truecount="2" falsecount="0"/>
        <line num="40" count="3" type="stmt"/>
      </file>
      <file name="moduleCollection.js" path="C:\Users\EDZ\Desktop\study\vue3\wxd-vuex\src\vuex\module\moduleCollection.js">
        <metrics statements="23" coveredstatements="20" conditionals="6" coveredconditionals="6" methods="10" coveredmethods="7"/>
        <line num="6" count="26" type="stmt"/>
        <line num="7" count="26" type="stmt"/>
        <line num="10" count="32" type="stmt"/>
        <line num="11" count="32" type="cond" truecount="2" falsecount="0"/>
        <line num="12" count="26" type="stmt"/>
        <line num="14" count="6" type="stmt"/>
        <line num="15" count="0" type="stmt"/>
        <line num="17" count="6" type="stmt"/>
        <line num="18" count="6" type="stmt"/>
        <line num="21" count="32" type="cond" truecount="2" falsecount="0"/>
        <line num="22" count="3" type="stmt"/>
        <line num="23" count="3" type="stmt"/>
        <line num="27" count="32" type="stmt"/>
        <line num="30" count="33" type="stmt"/>
        <line num="31" count="33" type="stmt"/>
        <line num="32" count="6" type="stmt"/>
        <line num="33" count="6" type="cond" truecount="2" falsecount="0"/>
        <line num="37" count="1" type="stmt"/>
        <line num="38" count="0" type="stmt"/>
        <line num="41" count="1" type="stmt"/>
        <line num="44" count="2" type="stmt"/>
        <line num="45" count="0" type="stmt"/>
        <line num="48" count="2" type="stmt"/>
      </file>
    </package>
    <package name="vuex.state">
      <metrics statements="45" coveredstatements="41" conditionals="18" coveredconditionals="15" methods="18" coveredmethods="15"/>
      <file name="index.js" path="C:\Users\EDZ\Desktop\study\vue3\wxd-vuex\src\vuex\state\index.js">
        <metrics statements="45" coveredstatements="41" conditionals="18" coveredconditionals="15" methods="18" coveredmethods="15"/>
        <line num="5" count="1" type="stmt"/>
        <line num="6" count="0" type="stmt"/>
        <line num="11" count="33" type="stmt"/>
        <line num="13" count="33" type="cond" truecount="2" falsecount="0"/>
        <line num="14" count="6" type="stmt"/>
        <line num="15" count="0" type="stmt"/>
        <line num="17" count="6" type="stmt"/>
        <line num="18" count="6" type="stmt"/>
        <line num="19" count="6" type="stmt"/>
        <line num="24" count="33" type="stmt"/>
        <line num="27" count="33" type="cond" truecount="2" falsecount="0"/>
        <line num="28" count="2" type="stmt"/>
        <line num="32" count="33" type="stmt"/>
        <line num="33" count="4" type="stmt"/>
        <line num="34" count="4" type="stmt"/>
        <line num="35" count="5" type="stmt"/>
        <line num="40" count="33" type="stmt"/>
        <line num="41" count="20" type="stmt"/>
        <line num="42" count="20" type="cond" truecount="2" falsecount="0"/>
        <line num="43" count="20" type="stmt"/>
        <line num="44" count="11" type="stmt"/>
        <line num="49" count="33" type="stmt"/>
        <line num="50" count="3" type="stmt"/>
        <line num="51" count="3" type="cond" truecount="2" falsecount="0"/>
        <line num="52" count="3" type="stmt"/>
        <line num="53" count="3" type="stmt"/>
        <line num="55" count="3" type="stmt"/>
        <line num="58" count="0" type="stmt"/>
        <line num="65" count="3" type="cond" truecount="2" falsecount="2"/>
        <line num="66" count="0" type="stmt"/>
        <line num="68" count="3" type="stmt"/>
        <line num="73" count="33" type="stmt"/>
        <line num="74" count="3" type="stmt"/>
        <line num="79" count="30" type="stmt"/>
        <line num="80" count="30" type="stmt"/>
        <line num="81" count="30" type="stmt"/>
        <line num="82" count="4" type="stmt"/>
        <line num="88" count="30" type="cond" truecount="2" falsecount="0"/>
        <line num="89" count="1" type="stmt"/>
        <line num="94" count="1" type="stmt"/>
        <line num="95" count="1" type="stmt"/>
        <line num="96" count="1" type="stmt"/>
        <line num="98" count="1" type="stmt"/>
        <line num="99" count="1" type="stmt"/>
        <line num="100" count="1" type="stmt"/>
      </file>
    </package>
  </project>
</coverage>
