{"C:\\Users\\EDZ\\Desktop\\study\\vue3\\wxd-vuex\\src\\vuex\\helpers.js": {"path":"C:\\Users\\EDZ\\Desktop\\study\\vue3\\wxd-vuex\\src\\vuex\\helpers.js","statementMap":{"0":{"start":{"line":4,"column":2},"end":{"line":9,"column":3}},"1":{"start":{"line":5,"column":4},"end":{"line":5,"column":19}},"2":{"start":{"line":6,"column":4},"end":{"line":6,"column":18}},"3":{"start":{"line":7,"column":9},"end":{"line":9,"column":3}},"4":{"start":{"line":8,"column":4},"end":{"line":8,"column":20}},"5":{"start":{"line":10,"column":2},"end":{"line":10,"column":25}},"6":{"start":{"line":14,"column":18},"end":{"line":14,"column":44}},"7":{"start":{"line":15,"column":2},"end":{"line":15,"column":34}},"8":{"start":{"line":16,"column":2},"end":{"line":16,"column":22}},"9":{"start":{"line":18,"column":14},"end":{"line":18,"column":16}},"10":{"start":{"line":20,"column":2},"end":{"line":47,"column":4}},"11":{"start":{"line":21,"column":4},"end":{"line":46,"column":5}},"12":{"start":{"line":22,"column":18},"end":{"line":22,"column":35}},"13":{"start":{"line":23,"column":20},"end":{"line":23,"column":39}},"14":{"start":{"line":24,"column":19},"end":{"line":24,"column":37}},"15":{"start":{"line":25,"column":21},"end":{"line":25,"column":41}},"16":{"start":{"line":27,"column":6},"end":{"line":31,"column":7}},"17":{"start":{"line":28,"column":23},"end":{"line":28,"column":63}},"18":{"start":{"line":29,"column":8},"end":{"line":29,"column":39}},"19":{"start":{"line":30,"column":8},"end":{"line":30,"column":43}},"20":{"start":{"line":33,"column":6},"end":{"line":45,"column":7}},"21":{"start":{"line":34,"column":8},"end":{"line":36,"column":22}},"22":{"start":{"line":37,"column":13},"end":{"line":45,"column":7}},"23":{"start":{"line":38,"column":8},"end":{"line":40,"column":24}},"24":{"start":{"line":41,"column":13},"end":{"line":45,"column":7}},"25":{"start":{"line":42,"column":8},"end":{"line":42,"column":78}},"26":{"start":{"line":43,"column":13},"end":{"line":45,"column":7}},"27":{"start":{"line":44,"column":8},"end":{"line":44,"column":80}},"28":{"start":{"line":48,"column":2},"end":{"line":48,"column":12}},"29":{"start":{"line":51,"column":24},"end":{"line":53,"column":1}},"30":{"start":{"line":52,"column":2},"end":{"line":52,"column":49}},"31":{"start":{"line":55,"column":26},"end":{"line":57,"column":1}},"32":{"start":{"line":56,"column":2},"end":{"line":56,"column":52}},"33":{"start":{"line":59,"column":28},"end":{"line":61,"column":1}},"34":{"start":{"line":60,"column":2},"end":{"line":60,"column":56}},"35":{"start":{"line":63,"column":26},"end":{"line":65,"column":1}},"36":{"start":{"line":64,"column":2},"end":{"line":64,"column":52}}},"fnMap":{"0":{"name":"getMapData","decl":{"start":{"line":3,"column":9},"end":{"line":3,"column":19}},"loc":{"start":{"line":3,"column":37},"end":{"line":11,"column":1}},"line":3},"1":{"name":"createMapFun","decl":{"start":{"line":13,"column":9},"end":{"line":13,"column":21}},"loc":{"start":{"line":13,"column":45},"end":{"line":49,"column":1}},"line":13},"2":{"name":"(anonymous_2)","decl":{"start":{"line":20,"column":28},"end":{"line":20,"column":29}},"loc":{"start":{"line":20,"column":46},"end":{"line":47,"column":3}},"line":20},"3":{"name":"mappedState","decl":{"start":{"line":21,"column":24},"end":{"line":21,"column":35}},"loc":{"start":{"line":21,"column":46},"end":{"line":46,"column":5}},"line":21},"4":{"name":"(anonymous_4)","decl":{"start":{"line":51,"column":24},"end":{"line":51,"column":25}},"loc":{"start":{"line":51,"column":47},"end":{"line":53,"column":1}},"line":51},"5":{"name":"(anonymous_5)","decl":{"start":{"line":55,"column":26},"end":{"line":55,"column":27}},"loc":{"start":{"line":55,"column":50},"end":{"line":57,"column":1}},"line":55},"6":{"name":"(anonymous_6)","decl":{"start":{"line":59,"column":28},"end":{"line":59,"column":29}},"loc":{"start":{"line":59,"column":54},"end":{"line":61,"column":1}},"line":59},"7":{"name":"(anonymous_7)","decl":{"start":{"line":63,"column":26},"end":{"line":63,"column":27}},"loc":{"start":{"line":63,"column":50},"end":{"line":65,"column":1}},"line":63}},"branchMap":{"0":{"loc":{"start":{"line":4,"column":2},"end":{"line":9,"column":3}},"type":"if","locations":[{"start":{"line":4,"column":2},"end":{"line":9,"column":3}},{"start":{"line":4,"column":2},"end":{"line":9,"column":3}}],"line":4},"1":{"loc":{"start":{"line":7,"column":9},"end":{"line":9,"column":3}},"type":"if","locations":[{"start":{"line":7,"column":9},"end":{"line":9,"column":3}},{"start":{"line":7,"column":9},"end":{"line":9,"column":3}}],"line":7},"2":{"loc":{"start":{"line":27,"column":6},"end":{"line":31,"column":7}},"type":"if","locations":[{"start":{"line":27,"column":6},"end":{"line":31,"column":7}},{"start":{"line":27,"column":6},"end":{"line":31,"column":7}}],"line":27},"3":{"loc":{"start":{"line":29,"column":16},"end":{"line":29,"column":39}},"type":"binary-expr","locations":[{"start":{"line":29,"column":16},"end":{"line":29,"column":33}},{"start":{"line":29,"column":37},"end":{"line":29,"column":39}}],"line":29},"4":{"loc":{"start":{"line":30,"column":18},"end":{"line":30,"column":43}},"type":"binary-expr","locations":[{"start":{"line":30,"column":18},"end":{"line":30,"column":37}},{"start":{"line":30,"column":41},"end":{"line":30,"column":43}}],"line":30},"5":{"loc":{"start":{"line":33,"column":6},"end":{"line":45,"column":7}},"type":"if","locations":[{"start":{"line":33,"column":6},"end":{"line":45,"column":7}},{"start":{"line":33,"column":6},"end":{"line":45,"column":7}}],"line":33},"6":{"loc":{"start":{"line":34,"column":15},"end":{"line":36,"column":22}},"type":"cond-expr","locations":[{"start":{"line":35,"column":12},"end":{"line":35,"column":44}},{"start":{"line":36,"column":12},"end":{"line":36,"column":22}}],"line":34},"7":{"loc":{"start":{"line":37,"column":13},"end":{"line":45,"column":7}},"type":"if","locations":[{"start":{"line":37,"column":13},"end":{"line":45,"column":7}},{"start":{"line":37,"column":13},"end":{"line":45,"column":7}}],"line":37},"8":{"loc":{"start":{"line":38,"column":15},"end":{"line":40,"column":24}},"type":"cond-expr","locations":[{"start":{"line":39,"column":12},"end":{"line":39,"column":37}},{"start":{"line":40,"column":12},"end":{"line":40,"column":24}}],"line":38},"9":{"loc":{"start":{"line":41,"column":13},"end":{"line":45,"column":7}},"type":"if","locations":[{"start":{"line":41,"column":13},"end":{"line":45,"column":7}},{"start":{"line":41,"column":13},"end":{"line":45,"column":7}}],"line":41},"10":{"loc":{"start":{"line":42,"column":66},"end":{"line":42,"column":76}},"type":"binary-expr","locations":[{"start":{"line":42,"column":66},"end":{"line":42,"column":70}},{"start":{"line":42,"column":74},"end":{"line":42,"column":76}}],"line":42},"11":{"loc":{"start":{"line":43,"column":13},"end":{"line":45,"column":7}},"type":"if","locations":[{"start":{"line":43,"column":13},"end":{"line":45,"column":7}},{"start":{"line":43,"column":13},"end":{"line":45,"column":7}}],"line":43},"12":{"loc":{"start":{"line":44,"column":68},"end":{"line":44,"column":78}},"type":"binary-expr","locations":[{"start":{"line":44,"column":68},"end":{"line":44,"column":72}},{"start":{"line":44,"column":76},"end":{"line":44,"column":78}}],"line":44}},"s":{"0":9,"1":8,"2":8,"3":1,"4":1,"5":9,"6":9,"7":9,"8":9,"9":9,"10":9,"11":9,"12":11,"13":11,"14":11,"15":11,"16":11,"17":1,"18":1,"19":1,"20":11,"21":7,"22":4,"23":2,"24":2,"25":1,"26":1,"27":1,"28":9,"29":1,"30":5,"31":1,"32":2,"33":1,"34":1,"35":1,"36":1},"f":{"0":9,"1":9,"2":9,"3":11,"4":5,"5":2,"6":1,"7":1},"b":{"0":[8,1],"1":[1,0],"2":[1,10],"3":[1,0],"4":[1,1],"5":[7,4],"6":[1,6],"7":[2,2],"8":[1,1],"9":[1,1],"10":[1,0],"11":[1,0],"12":[1,0]},"_coverageSchema":"43e27e138ebf9cfc5966b082cf9a028302ed4184","hash":"8206df36a613c6af3f0e83d7fab24383763126ea"}
,"C:\\Users\\EDZ\\Desktop\\study\\vue3\\wxd-vuex\\src\\vuex\\index.js": {"path":"C:\\Users\\EDZ\\Desktop\\study\\vue3\\wxd-vuex\\src\\vuex\\index.js","statementMap":{"0":{"start":{"line":6,"column":2},"end":{"line":6,"column":27}}},"fnMap":{"0":{"name":"createStore","decl":{"start":{"line":5,"column":9},"end":{"line":5,"column":20}},"loc":{"start":{"line":5,"column":31},"end":{"line":7,"column":1}},"line":5}},"branchMap":{},"s":{"0":26},"f":{"0":26},"b":{},"_coverageSchema":"43e27e138ebf9cfc5966b082cf9a028302ed4184","hash":"93bfd3d8850794f3f8d93eef2312689abf8f04c4"}
,"C:\\Users\\EDZ\\Desktop\\study\\vue3\\wxd-vuex\\src\\vuex\\injectKey.js": {"path":"C:\\Users\\EDZ\\Desktop\\study\\vue3\\wxd-vuex\\src\\vuex\\injectKey.js","statementMap":{"0":{"start":{"line":3,"column":17},"end":{"line":3,"column":24}},"1":{"start":{"line":6,"column":2},"end":{"line":6,"column":58}}},"fnMap":{"0":{"name":"useStore","decl":{"start":{"line":5,"column":9},"end":{"line":5,"column":17}},"loc":{"start":{"line":5,"column":37},"end":{"line":7,"column":1}},"line":5}},"branchMap":{"0":{"loc":{"start":{"line":5,"column":19},"end":{"line":5,"column":35}},"type":"default-arg","locations":[{"start":{"line":5,"column":31},"end":{"line":5,"column":35}}],"line":5},"1":{"loc":{"start":{"line":6,"column":16},"end":{"line":6,"column":57}},"type":"cond-expr","locations":[{"start":{"line":6,"column":37},"end":{"line":6,"column":46}},{"start":{"line":6,"column":49},"end":{"line":6,"column":57}}],"line":6}},"s":{"0":1,"1":2},"f":{"0":2},"b":{"0":[1],"1":[1,1]},"_coverageSchema":"43e27e138ebf9cfc5966b082cf9a028302ed4184","hash":"9482ee82d5c8864bd7f8800ffae7561111d036be"}
,"C:\\Users\\EDZ\\Desktop\\study\\vue3\\wxd-vuex\\src\\vuex\\store.js": {"path":"C:\\Users\\EDZ\\Desktop\\study\\vue3\\wxd-vuex\\src\\vuex\\store.js","statementMap":{"0":{"start":{"line":8,"column":24},"end":{"line":8,"column":41}},"1":{"start":{"line":9,"column":4},"end":{"line":9,"column":28}},"2":{"start":{"line":10,"column":4},"end":{"line":10,"column":36}},"3":{"start":{"line":11,"column":4},"end":{"line":11,"column":35}},"4":{"start":{"line":14,"column":18},"end":{"line":14,"column":22}},"5":{"start":{"line":17,"column":4},"end":{"line":17,"column":50}},"6":{"start":{"line":20,"column":4},"end":{"line":20,"column":42}},"7":{"start":{"line":22,"column":4},"end":{"line":22,"column":30}},"8":{"start":{"line":25,"column":4},"end":{"line":25,"column":47}},"9":{"start":{"line":27,"column":4},"end":{"line":27,"column":49}},"10":{"start":{"line":29,"column":4},"end":{"line":29,"column":47}},"11":{"start":{"line":31,"column":4},"end":{"line":31,"column":49}},"12":{"start":{"line":34,"column":18},"end":{"line":34,"column":43}},"13":{"start":{"line":35,"column":4},"end":{"line":35,"column":55}},"14":{"start":{"line":38,"column":4},"end":{"line":38,"column":33}},"15":{"start":{"line":41,"column":4},"end":{"line":41,"column":25}},"16":{"start":{"line":44,"column":4},"end":{"line":44,"column":31}},"17":{"start":{"line":47,"column":4},"end":{"line":49,"column":5}},"18":{"start":{"line":48,"column":6},"end":{"line":48,"column":54}},"19":{"start":{"line":48,"column":40},"end":{"line":48,"column":53}},"20":{"start":{"line":52,"column":4},"end":{"line":52,"column":27}},"21":{"start":{"line":55,"column":18},"end":{"line":55,"column":52}},"22":{"start":{"line":56,"column":4},"end":{"line":58,"column":6}},"23":{"start":{"line":57,"column":6},"end":{"line":57,"column":48}},"24":{"start":{"line":57,"column":31},"end":{"line":57,"column":47}},"25":{"start":{"line":59,"column":4},"end":{"line":59,"column":80}},"26":{"start":{"line":59,"column":41},"end":{"line":59,"column":79}},"27":{"start":{"line":62,"column":18},"end":{"line":62,"column":50}},"28":{"start":{"line":63,"column":4},"end":{"line":65,"column":6}},"29":{"start":{"line":63,"column":44},"end":{"line":63,"column":60}},"30":{"start":{"line":64,"column":6},"end":{"line":64,"column":100}},"31":{"start":{"line":64,"column":55},"end":{"line":64,"column":99}},"32":{"start":{"line":68,"column":4},"end":{"line":70,"column":5}},"33":{"start":{"line":69,"column":6},"end":{"line":69,"column":44}},"34":{"start":{"line":71,"column":4},"end":{"line":71,"column":28}},"35":{"start":{"line":74,"column":4},"end":{"line":76,"column":5}},"36":{"start":{"line":75,"column":6},"end":{"line":75,"column":44}},"37":{"start":{"line":77,"column":4},"end":{"line":77,"column":34}},"38":{"start":{"line":80,"column":4},"end":{"line":82,"column":6}},"39":{"start":{"line":81,"column":6},"end":{"line":81,"column":33}},"40":{"start":{"line":85,"column":4},"end":{"line":85,"column":64}},"41":{"start":{"line":86,"column":4},"end":{"line":86,"column":45}},"42":{"start":{"line":89,"column":4},"end":{"line":89,"column":47}},"43":{"start":{"line":89,"column":34},"end":{"line":89,"column":47}},"44":{"start":{"line":91,"column":18},"end":{"line":91,"column":22}},"45":{"start":{"line":93,"column":22},"end":{"line":93,"column":59}},"46":{"start":{"line":95,"column":4},"end":{"line":95,"column":53}},"47":{"start":{"line":97,"column":4},"end":{"line":97,"column":39}},"48":{"start":{"line":100,"column":4},"end":{"line":100,"column":47}},"49":{"start":{"line":100,"column":34},"end":{"line":100,"column":47}},"50":{"start":{"line":102,"column":4},"end":{"line":102,"column":34}},"51":{"start":{"line":104,"column":4},"end":{"line":107,"column":6}},"52":{"start":{"line":105,"column":26},"end":{"line":105,"column":71}},"53":{"start":{"line":106,"column":6},"end":{"line":106,"column":47}},"54":{"start":{"line":109,"column":4},"end":{"line":109,"column":20}},"55":{"start":{"line":112,"column":4},"end":{"line":112,"column":47}},"56":{"start":{"line":112,"column":34},"end":{"line":112,"column":47}},"57":{"start":{"line":114,"column":4},"end":{"line":114,"column":43}}},"fnMap":{"0":{"name":"(anonymous_0)","decl":{"start":{"line":7,"column":2},"end":{"line":7,"column":3}},"loc":{"start":{"line":7,"column":22},"end":{"line":12,"column":3}},"line":7},"1":{"name":"(anonymous_1)","decl":{"start":{"line":13,"column":2},"end":{"line":13,"column":3}},"loc":{"start":{"line":13,"column":29},"end":{"line":50,"column":3}},"line":13},"2":{"name":"(anonymous_2)","decl":{"start":{"line":48,"column":30},"end":{"line":48,"column":31}},"loc":{"start":{"line":48,"column":40},"end":{"line":48,"column":53}},"line":48},"3":{"name":"(anonymous_3)","decl":{"start":{"line":51,"column":2},"end":{"line":51,"column":3}},"loc":{"start":{"line":51,"column":15},"end":{"line":53,"column":3}},"line":51},"4":{"name":"(anonymous_4)","decl":{"start":{"line":54,"column":2},"end":{"line":54,"column":3}},"loc":{"start":{"line":54,"column":25},"end":{"line":60,"column":3}},"line":54},"5":{"name":"(anonymous_5)","decl":{"start":{"line":56,"column":24},"end":{"line":56,"column":25}},"loc":{"start":{"line":56,"column":30},"end":{"line":58,"column":5}},"line":56},"6":{"name":"(anonymous_6)","decl":{"start":{"line":57,"column":20},"end":{"line":57,"column":21}},"loc":{"start":{"line":57,"column":31},"end":{"line":57,"column":47}},"line":57},"7":{"name":"(anonymous_7)","decl":{"start":{"line":59,"column":28},"end":{"line":59,"column":29}},"loc":{"start":{"line":59,"column":41},"end":{"line":59,"column":79}},"line":59},"8":{"name":"(anonymous_8)","decl":{"start":{"line":61,"column":2},"end":{"line":61,"column":3}},"loc":{"start":{"line":61,"column":27},"end":{"line":66,"column":3}},"line":61},"9":{"name":"(anonymous_9)","decl":{"start":{"line":63,"column":33},"end":{"line":63,"column":34}},"loc":{"start":{"line":63,"column":44},"end":{"line":63,"column":60}},"line":63},"10":{"name":"(anonymous_10)","decl":{"start":{"line":63,"column":68},"end":{"line":63,"column":69}},"loc":{"start":{"line":63,"column":74},"end":{"line":65,"column":5}},"line":63},"11":{"name":"(anonymous_11)","decl":{"start":{"line":64,"column":36},"end":{"line":64,"column":37}},"loc":{"start":{"line":64,"column":55},"end":{"line":64,"column":99}},"line":64},"12":{"name":"(anonymous_12)","decl":{"start":{"line":67,"column":2},"end":{"line":67,"column":3}},"loc":{"start":{"line":67,"column":17},"end":{"line":72,"column":3}},"line":67},"13":{"name":"(anonymous_13)","decl":{"start":{"line":73,"column":2},"end":{"line":73,"column":3}},"loc":{"start":{"line":73,"column":23},"end":{"line":78,"column":3}},"line":73},"14":{"name":"(anonymous_14)","decl":{"start":{"line":79,"column":2},"end":{"line":79,"column":3}},"loc":{"start":{"line":79,"column":26},"end":{"line":83,"column":3}},"line":79},"15":{"name":"(anonymous_15)","decl":{"start":{"line":80,"column":24},"end":{"line":80,"column":25}},"loc":{"start":{"line":80,"column":30},"end":{"line":82,"column":5}},"line":80},"16":{"name":"(anonymous_16)","decl":{"start":{"line":84,"column":2},"end":{"line":84,"column":3}},"loc":{"start":{"line":84,"column":34},"end":{"line":87,"column":3}},"line":84},"17":{"name":"(anonymous_17)","decl":{"start":{"line":88,"column":2},"end":{"line":88,"column":3}},"loc":{"start":{"line":88,"column":32},"end":{"line":98,"column":3}},"line":88},"18":{"name":"(anonymous_18)","decl":{"start":{"line":99,"column":2},"end":{"line":99,"column":3}},"loc":{"start":{"line":99,"column":26},"end":{"line":110,"column":3}},"line":99},"19":{"name":"(anonymous_19)","decl":{"start":{"line":104,"column":24},"end":{"line":104,"column":25}},"loc":{"start":{"line":104,"column":30},"end":{"line":107,"column":5}},"line":104},"20":{"name":"(anonymous_20)","decl":{"start":{"line":111,"column":2},"end":{"line":111,"column":3}},"loc":{"start":{"line":111,"column":19},"end":{"line":115,"column":3}},"line":111}},"branchMap":{"0":{"loc":{"start":{"line":10,"column":4},"end":{"line":10,"column":36}},"type":"binary-expr","locations":[{"start":{"line":10,"column":4},"end":{"line":10,"column":28}},{"start":{"line":10,"column":32},"end":{"line":10,"column":36}}],"line":10},"1":{"loc":{"start":{"line":13,"column":15},"end":{"line":13,"column":27}},"type":"default-arg","locations":[{"start":{"line":13,"column":25},"end":{"line":13,"column":27}}],"line":13},"2":{"loc":{"start":{"line":20,"column":19},"end":{"line":20,"column":42}},"type":"binary-expr","locations":[{"start":{"line":20,"column":19},"end":{"line":20,"column":33}},{"start":{"line":20,"column":37},"end":{"line":20,"column":42}}],"line":20},"3":{"loc":{"start":{"line":47,"column":4},"end":{"line":49,"column":5}},"type":"if","locations":[{"start":{"line":47,"column":4},"end":{"line":49,"column":5}},{"start":{"line":47,"column":4},"end":{"line":49,"column":5}}],"line":47},"4":{"loc":{"start":{"line":55,"column":18},"end":{"line":55,"column":52}},"type":"binary-expr","locations":[{"start":{"line":55,"column":18},"end":{"line":55,"column":46}},{"start":{"line":55,"column":50},"end":{"line":55,"column":52}}],"line":55},"5":{"loc":{"start":{"line":62,"column":18},"end":{"line":62,"column":50}},"type":"binary-expr","locations":[{"start":{"line":62,"column":18},"end":{"line":62,"column":44}},{"start":{"line":62,"column":48},"end":{"line":62,"column":50}}],"line":62},"6":{"loc":{"start":{"line":68,"column":4},"end":{"line":70,"column":5}},"type":"if","locations":[{"start":{"line":68,"column":4},"end":{"line":70,"column":5}},{"start":{"line":68,"column":4},"end":{"line":70,"column":5}}],"line":68},"7":{"loc":{"start":{"line":74,"column":4},"end":{"line":76,"column":5}},"type":"if","locations":[{"start":{"line":74,"column":4},"end":{"line":76,"column":5}},{"start":{"line":74,"column":4},"end":{"line":76,"column":5}}],"line":74},"8":{"loc":{"start":{"line":84,"column":16},"end":{"line":84,"column":32}},"type":"default-arg","locations":[{"start":{"line":84,"column":28},"end":{"line":84,"column":32}}],"line":84},"9":{"loc":{"start":{"line":85,"column":16},"end":{"line":85,"column":57}},"type":"cond-expr","locations":[{"start":{"line":85,"column":37},"end":{"line":85,"column":46}},{"start":{"line":85,"column":49},"end":{"line":85,"column":57}}],"line":85},"10":{"loc":{"start":{"line":89,"column":4},"end":{"line":89,"column":47}},"type":"if","locations":[{"start":{"line":89,"column":4},"end":{"line":89,"column":47}},{"start":{"line":89,"column":4},"end":{"line":89,"column":47}}],"line":89},"11":{"loc":{"start":{"line":100,"column":4},"end":{"line":100,"column":47}},"type":"if","locations":[{"start":{"line":100,"column":4},"end":{"line":100,"column":47}},{"start":{"line":100,"column":4},"end":{"line":100,"column":47}}],"line":100},"12":{"loc":{"start":{"line":112,"column":4},"end":{"line":112,"column":47}},"type":"if","locations":[{"start":{"line":112,"column":4},"end":{"line":112,"column":47}},{"start":{"line":112,"column":4},"end":{"line":112,"column":47}}],"line":112}},"s":{"0":18,"1":18,"2":18,"3":18,"4":26,"5":26,"6":26,"7":26,"8":26,"9":26,"10":26,"11":26,"12":26,"13":26,"14":26,"15":26,"16":26,"17":26,"18":2,"19":2,"20":63,"21":10,"22":10,"23":10,"24":11,"25":10,"26":1,"27":3,"28":3,"29":3,"30":3,"31":1,"32":1,"33":0,"34":1,"35":1,"36":0,"37":1,"38":1,"39":1,"40":10,"41":10,"42":3,"43":0,"44":3,"45":3,"46":3,"47":3,"48":1,"49":0,"50":1,"51":1,"52":1,"53":1,"54":1,"55":2,"56":2,"57":2},"f":{"0":18,"1":26,"2":2,"3":63,"4":10,"5":10,"6":11,"7":1,"8":3,"9":3,"10":3,"11":1,"12":1,"13":1,"14":1,"15":1,"16":10,"17":3,"18":1,"19":1,"20":2},"b":{"0":[18,18],"1":[0],"2":[26,25],"3":[2,24],"4":[10,0],"5":[3,0],"6":[0,1],"7":[0,1],"8":[0],"9":[1,9],"10":[0,3],"11":[0,1],"12":[2,0]},"_coverageSchema":"43e27e138ebf9cfc5966b082cf9a028302ed4184","hash":"be0cd4a3d1b8191415747b59af9e25f1707b63d6"}
,"C:\\Users\\EDZ\\Desktop\\study\\vue3\\wxd-vuex\\src\\vuex\\utils.js": {"path":"C:\\Users\\EDZ\\Desktop\\study\\vue3\\wxd-vuex\\src\\vuex\\utils.js","statementMap":{"0":{"start":{"line":2,"column":2},"end":{"line":4,"column":3}},"1":{"start":{"line":3,"column":4},"end":{"line":3,"column":34}},"2":{"start":{"line":5,"column":2},"end":{"line":7,"column":3}},"3":{"start":{"line":6,"column":4},"end":{"line":6,"column":36}},"4":{"start":{"line":8,"column":2},"end":{"line":10,"column":4}},"5":{"start":{"line":9,"column":4},"end":{"line":9,"column":21}},"6":{"start":{"line":14,"column":2},"end":{"line":14,"column":54}},"7":{"start":{"line":14,"column":36},"end":{"line":14,"column":45}},"8":{"start":{"line":18,"column":2},"end":{"line":20,"column":3}},"9":{"start":{"line":19,"column":4},"end":{"line":19,"column":13}},"10":{"start":{"line":21,"column":2},"end":{"line":23,"column":63}},"11":{"start":{"line":22,"column":32},"end":{"line":22,"column":44}},"12":{"start":{"line":23,"column":38},"end":{"line":23,"column":61}}},"fnMap":{"0":{"name":"objectForEach","decl":{"start":{"line":1,"column":16},"end":{"line":1,"column":29}},"loc":{"start":{"line":1,"column":40},"end":{"line":11,"column":1}},"line":1},"1":{"name":"(anonymous_1)","decl":{"start":{"line":8,"column":27},"end":{"line":8,"column":28}},"loc":{"start":{"line":8,"column":36},"end":{"line":10,"column":3}},"line":8},"2":{"name":"getNewestState","decl":{"start":{"line":13,"column":16},"end":{"line":13,"column":30}},"loc":{"start":{"line":13,"column":45},"end":{"line":15,"column":1}},"line":13},"3":{"name":"(anonymous_3)","decl":{"start":{"line":14,"column":21},"end":{"line":14,"column":22}},"loc":{"start":{"line":14,"column":36},"end":{"line":14,"column":45}},"line":14},"4":{"name":"normalizeMap","decl":{"start":{"line":17,"column":16},"end":{"line":17,"column":28}},"loc":{"start":{"line":17,"column":36},"end":{"line":24,"column":1}},"line":17},"5":{"name":"(anonymous_5)","decl":{"start":{"line":22,"column":15},"end":{"line":22,"column":16}},"loc":{"start":{"line":22,"column":32},"end":{"line":22,"column":44}},"line":22},"6":{"name":"(anonymous_6)","decl":{"start":{"line":23,"column":28},"end":{"line":23,"column":29}},"loc":{"start":{"line":23,"column":38},"end":{"line":23,"column":61}},"line":23}},"branchMap":{"0":{"loc":{"start":{"line":2,"column":2},"end":{"line":4,"column":3}},"type":"if","locations":[{"start":{"line":2,"column":2},"end":{"line":4,"column":3}},{"start":{"line":2,"column":2},"end":{"line":4,"column":3}}],"line":2},"1":{"loc":{"start":{"line":2,"column":6},"end":{"line":2,"column":51}},"type":"binary-expr","locations":[{"start":{"line":2,"column":6},"end":{"line":2,"column":29}},{"start":{"line":2,"column":33},"end":{"line":2,"column":51}}],"line":2},"2":{"loc":{"start":{"line":5,"column":2},"end":{"line":7,"column":3}},"type":"if","locations":[{"start":{"line":5,"column":2},"end":{"line":7,"column":3}},{"start":{"line":5,"column":2},"end":{"line":7,"column":3}}],"line":5},"3":{"loc":{"start":{"line":18,"column":2},"end":{"line":20,"column":3}},"type":"if","locations":[{"start":{"line":18,"column":2},"end":{"line":20,"column":3}},{"start":{"line":18,"column":2},"end":{"line":20,"column":3}}],"line":18},"4":{"loc":{"start":{"line":21,"column":9},"end":{"line":23,"column":63}},"type":"cond-expr","locations":[{"start":{"line":22,"column":6},"end":{"line":22,"column":46}},{"start":{"line":23,"column":6},"end":{"line":23,"column":63}}],"line":21}},"s":{"0":93,"1":0,"2":93,"3":0,"4":93,"5":37,"6":17,"7":1,"8":9,"9":0,"10":9,"11":7,"12":2},"f":{"0":93,"1":37,"2":17,"3":1,"4":9,"5":7,"6":2},"b":{"0":[0,93],"1":[93,93],"2":[0,93],"3":[0,9],"4":[7,2]},"_coverageSchema":"43e27e138ebf9cfc5966b082cf9a028302ed4184","hash":"f12090a587b37661562ae574b27f881dd42d0915"}
,"C:\\Users\\EDZ\\Desktop\\study\\vue3\\wxd-vuex\\src\\vuex\\module\\module.js": {"path":"C:\\Users\\EDZ\\Desktop\\study\\vue3\\wxd-vuex\\src\\vuex\\module\\module.js","statementMap":{"0":{"start":{"line":5,"column":4},"end":{"line":5,"column":25}},"1":{"start":{"line":6,"column":4},"end":{"line":6,"column":23}},"2":{"start":{"line":7,"column":4},"end":{"line":7,"column":38}},"3":{"start":{"line":8,"column":4},"end":{"line":8,"column":42}},"4":{"start":{"line":11,"column":4},"end":{"line":11,"column":30}},"5":{"start":{"line":14,"column":4},"end":{"line":14,"column":32}},"6":{"start":{"line":17,"column":4},"end":{"line":17,"column":30}},"7":{"start":{"line":20,"column":4},"end":{"line":20,"column":32}},"8":{"start":{"line":23,"column":4},"end":{"line":23,"column":37}},"9":{"start":{"line":26,"column":20},"end":{"line":26,"column":37}},"10":{"start":{"line":27,"column":4},"end":{"line":29,"column":5}},"11":{"start":{"line":28,"column":6},"end":{"line":28,"column":32}},"12":{"start":{"line":32,"column":22},"end":{"line":32,"column":41}},"13":{"start":{"line":33,"column":4},"end":{"line":35,"column":5}},"14":{"start":{"line":34,"column":6},"end":{"line":34,"column":34}},"15":{"start":{"line":38,"column":20},"end":{"line":38,"column":37}},"16":{"start":{"line":39,"column":4},"end":{"line":41,"column":5}},"17":{"start":{"line":40,"column":6},"end":{"line":40,"column":32}}},"fnMap":{"0":{"name":"(anonymous_0)","decl":{"start":{"line":4,"column":2},"end":{"line":4,"column":3}},"loc":{"start":{"line":4,"column":26},"end":{"line":9,"column":3}},"line":4},"1":{"name":"(anonymous_1)","decl":{"start":{"line":10,"column":2},"end":{"line":10,"column":3}},"loc":{"start":{"line":10,"column":17},"end":{"line":12,"column":3}},"line":10},"2":{"name":"(anonymous_2)","decl":{"start":{"line":13,"column":2},"end":{"line":13,"column":3}},"loc":{"start":{"line":13,"column":25},"end":{"line":15,"column":3}},"line":13},"3":{"name":"(anonymous_3)","decl":{"start":{"line":16,"column":2},"end":{"line":16,"column":3}},"loc":{"start":{"line":16,"column":20},"end":{"line":18,"column":3}},"line":16},"4":{"name":"(anonymous_4)","decl":{"start":{"line":19,"column":2},"end":{"line":19,"column":3}},"loc":{"start":{"line":19,"column":17},"end":{"line":21,"column":3}},"line":19},"5":{"name":"(anonymous_5)","decl":{"start":{"line":22,"column":2},"end":{"line":22,"column":3}},"loc":{"start":{"line":22,"column":20},"end":{"line":24,"column":3}},"line":22},"6":{"name":"(anonymous_6)","decl":{"start":{"line":25,"column":2},"end":{"line":25,"column":3}},"loc":{"start":{"line":25,"column":22},"end":{"line":30,"column":3}},"line":25},"7":{"name":"(anonymous_7)","decl":{"start":{"line":31,"column":2},"end":{"line":31,"column":3}},"loc":{"start":{"line":31,"column":24},"end":{"line":36,"column":3}},"line":31},"8":{"name":"(anonymous_8)","decl":{"start":{"line":37,"column":2},"end":{"line":37,"column":3}},"loc":{"start":{"line":37,"column":22},"end":{"line":42,"column":3}},"line":37}},"branchMap":{"0":{"loc":{"start":{"line":7,"column":17},"end":{"line":7,"column":38}},"type":"binary-expr","locations":[{"start":{"line":7,"column":17},"end":{"line":7,"column":32}},{"start":{"line":7,"column":36},"end":{"line":7,"column":38}}],"line":7},"1":{"loc":{"start":{"line":27,"column":4},"end":{"line":29,"column":5}},"type":"if","locations":[{"start":{"line":27,"column":4},"end":{"line":29,"column":5}},{"start":{"line":27,"column":4},"end":{"line":29,"column":5}}],"line":27},"2":{"loc":{"start":{"line":33,"column":4},"end":{"line":35,"column":5}},"type":"if","locations":[{"start":{"line":33,"column":4},"end":{"line":35,"column":5}},{"start":{"line":33,"column":4},"end":{"line":35,"column":5}}],"line":33},"3":{"loc":{"start":{"line":39,"column":4},"end":{"line":41,"column":5}},"type":"if","locations":[{"start":{"line":39,"column":4},"end":{"line":41,"column":5}},{"start":{"line":39,"column":4},"end":{"line":41,"column":5}}],"line":39}},"s":{"0":32,"1":32,"2":32,"3":32,"4":6,"5":6,"6":1,"7":2,"8":33,"9":33,"10":33,"11":4,"12":33,"13":33,"14":20,"15":33,"16":33,"17":3},"f":{"0":32,"1":6,"2":6,"3":1,"4":2,"5":33,"6":33,"7":33,"8":33},"b":{"0":[32,7],"1":[4,29],"2":[20,13],"3":[3,30]},"_coverageSchema":"43e27e138ebf9cfc5966b082cf9a028302ed4184","hash":"b1eae65ebf256620bbf573f8bbdc92ecc22cc3da"}
,"C:\\Users\\EDZ\\Desktop\\study\\vue3\\wxd-vuex\\src\\vuex\\module\\moduleCollection.js": {"path":"C:\\Users\\EDZ\\Desktop\\study\\vue3\\wxd-vuex\\src\\vuex\\module\\moduleCollection.js","statementMap":{"0":{"start":{"line":6,"column":4},"end":{"line":6,"column":20}},"1":{"start":{"line":7,"column":4},"end":{"line":7,"column":33}},"2":{"start":{"line":10,"column":22},"end":{"line":10,"column":43}},"3":{"start":{"line":11,"column":4},"end":{"line":19,"column":5}},"4":{"start":{"line":12,"column":6},"end":{"line":12,"column":27}},"5":{"start":{"line":14,"column":21},"end":{"line":16,"column":19}},"6":{"start":{"line":15,"column":8},"end":{"line":15,"column":39}},"7":{"start":{"line":17,"column":18},"end":{"line":17,"column":39}},"8":{"start":{"line":18,"column":6},"end":{"line":18,"column":37}},"9":{"start":{"line":21,"column":4},"end":{"line":25,"column":5}},"10":{"start":{"line":22,"column":6},"end":{"line":24,"column":8}},"11":{"start":{"line":23,"column":8},"end":{"line":23,"column":52}},"12":{"start":{"line":27,"column":4},"end":{"line":27,"column":20}},"13":{"start":{"line":30,"column":17},"end":{"line":30,"column":26}},"14":{"start":{"line":31,"column":4},"end":{"line":34,"column":10}},"15":{"start":{"line":32,"column":6},"end":{"line":32,"column":39}},"16":{"start":{"line":33,"column":6},"end":{"line":33,"column":66}},"17":{"start":{"line":37,"column":25},"end":{"line":39,"column":17}},"18":{"start":{"line":38,"column":6},"end":{"line":38,"column":36}},"19":{"start":{"line":41,"column":4},"end":{"line":41,"column":51}},"20":{"start":{"line":44,"column":25},"end":{"line":46,"column":17}},"21":{"start":{"line":45,"column":6},"end":{"line":45,"column":36}},"22":{"start":{"line":48,"column":4},"end":{"line":48,"column":55}}},"fnMap":{"0":{"name":"(anonymous_0)","decl":{"start":{"line":5,"column":2},"end":{"line":5,"column":3}},"loc":{"start":{"line":5,"column":27},"end":{"line":8,"column":3}},"line":5},"1":{"name":"(anonymous_1)","decl":{"start":{"line":9,"column":2},"end":{"line":9,"column":3}},"loc":{"start":{"line":9,"column":29},"end":{"line":28,"column":3}},"line":9},"2":{"name":"(anonymous_2)","decl":{"start":{"line":14,"column":46},"end":{"line":14,"column":47}},"loc":{"start":{"line":14,"column":67},"end":{"line":16,"column":7}},"line":14},"3":{"name":"(anonymous_3)","decl":{"start":{"line":22,"column":39},"end":{"line":22,"column":40}},"loc":{"start":{"line":22,"column":61},"end":{"line":24,"column":7}},"line":22},"4":{"name":"(anonymous_4)","decl":{"start":{"line":29,"column":2},"end":{"line":29,"column":3}},"loc":{"start":{"line":29,"column":23},"end":{"line":35,"column":3}},"line":29},"5":{"name":"(anonymous_5)","decl":{"start":{"line":31,"column":23},"end":{"line":31,"column":24}},"loc":{"start":{"line":31,"column":48},"end":{"line":34,"column":5}},"line":31},"6":{"name":"(anonymous_6)","decl":{"start":{"line":36,"column":2},"end":{"line":36,"column":3}},"loc":{"start":{"line":36,"column":20},"end":{"line":42,"column":3}},"line":36},"7":{"name":"(anonymous_7)","decl":{"start":{"line":37,"column":50},"end":{"line":37,"column":51}},"loc":{"start":{"line":37,"column":70},"end":{"line":39,"column":5}},"line":37},"8":{"name":"(anonymous_8)","decl":{"start":{"line":43,"column":2},"end":{"line":43,"column":3}},"loc":{"start":{"line":43,"column":22},"end":{"line":49,"column":3}},"line":43},"9":{"name":"(anonymous_9)","decl":{"start":{"line":44,"column":50},"end":{"line":44,"column":51}},"loc":{"start":{"line":44,"column":70},"end":{"line":46,"column":5}},"line":44}},"branchMap":{"0":{"loc":{"start":{"line":11,"column":4},"end":{"line":19,"column":5}},"type":"if","locations":[{"start":{"line":11,"column":4},"end":{"line":19,"column":5}},{"start":{"line":11,"column":4},"end":{"line":19,"column":5}}],"line":11},"1":{"loc":{"start":{"line":21,"column":4},"end":{"line":25,"column":5}},"type":"if","locations":[{"start":{"line":21,"column":4},"end":{"line":25,"column":5}},{"start":{"line":21,"column":4},"end":{"line":25,"column":5}}],"line":21},"2":{"loc":{"start":{"line":33,"column":27},"end":{"line":33,"column":65}},"type":"cond-expr","locations":[{"start":{"line":33,"column":47},"end":{"line":33,"column":60}},{"start":{"line":33,"column":63},"end":{"line":33,"column":65}}],"line":33}},"s":{"0":26,"1":26,"2":32,"3":32,"4":26,"5":6,"6":0,"7":6,"8":6,"9":32,"10":3,"11":3,"12":32,"13":33,"14":33,"15":6,"16":6,"17":1,"18":0,"19":1,"20":2,"21":0,"22":2},"f":{"0":26,"1":32,"2":0,"3":3,"4":33,"5":6,"6":1,"7":0,"8":2,"9":0},"b":{"0":[26,6],"1":[3,29],"2":[2,4]},"_coverageSchema":"43e27e138ebf9cfc5966b082cf9a028302ed4184","hash":"bde94dddcbeae49ad8b661ae86fc7b9bb6479ac2"}
,"C:\\Users\\EDZ\\Desktop\\study\\vue3\\wxd-vuex\\src\\vuex\\state\\index.js": {"path":"C:\\Users\\EDZ\\Desktop\\study\\vue3\\wxd-vuex\\src\\vuex\\state\\index.js","statementMap":{"0":{"start":{"line":5,"column":2},"end":{"line":7,"column":35}},"1":{"start":{"line":5,"column":14},"end":{"line":5,"column":31}},"2":{"start":{"line":6,"column":4},"end":{"line":6,"column":99}},"3":{"start":{"line":11,"column":17},"end":{"line":11,"column":29}},"4":{"start":{"line":13,"column":2},"end":{"line":21,"column":3}},"5":{"start":{"line":14,"column":24},"end":{"line":16,"column":17}},"6":{"start":{"line":15,"column":6},"end":{"line":15,"column":23}},"7":{"start":{"line":17,"column":16},"end":{"line":17,"column":37}},"8":{"start":{"line":18,"column":4},"end":{"line":20,"column":6}},"9":{"start":{"line":19,"column":6},"end":{"line":19,"column":37}},"10":{"start":{"line":24,"column":21},"end":{"line":24,"column":55}},"11":{"start":{"line":27,"column":2},"end":{"line":29,"column":3}},"12":{"start":{"line":28,"column":4},"end":{"line":28,"column":48}},"13":{"start":{"line":32,"column":2},"end":{"line":37,"column":4}},"14":{"start":{"line":33,"column":4},"end":{"line":33,"column":26}},"15":{"start":{"line":34,"column":4},"end":{"line":36,"column":5}},"16":{"start":{"line":35,"column":6},"end":{"line":35,"column":54}},"17":{"start":{"line":40,"column":2},"end":{"line":46,"column":4}},"18":{"start":{"line":41,"column":4},"end":{"line":41,"column":26}},"19":{"start":{"line":42,"column":18},"end":{"line":42,"column":85}},"20":{"start":{"line":43,"column":4},"end":{"line":45,"column":6}},"21":{"start":{"line":44,"column":6},"end":{"line":44,"column":69}},"22":{"start":{"line":49,"column":2},"end":{"line":70,"column":4}},"23":{"start":{"line":50,"column":4},"end":{"line":50,"column":26}},"24":{"start":{"line":51,"column":18},"end":{"line":51,"column":81}},"25":{"start":{"line":52,"column":4},"end":{"line":69,"column":6}},"26":{"start":{"line":53,"column":18},"end":{"line":64,"column":17}},"27":{"start":{"line":55,"column":10},"end":{"line":55,"column":50}},"28":{"start":{"line":58,"column":10},"end":{"line":58,"column":52}},"29":{"start":{"line":65,"column":6},"end":{"line":67,"column":7}},"30":{"start":{"line":66,"column":8},"end":{"line":66,"column":18}},"31":{"start":{"line":68,"column":6},"end":{"line":68,"column":33}},"32":{"start":{"line":73,"column":2},"end":{"line":75,"column":4}},"33":{"start":{"line":74,"column":4},"end":{"line":74,"column":59}},"34":{"start":{"line":79,"column":2},"end":{"line":79,"column":40}},"35":{"start":{"line":80,"column":2},"end":{"line":80,"column":20}},"36":{"start":{"line":81,"column":2},"end":{"line":86,"column":4}},"37":{"start":{"line":82,"column":4},"end":{"line":85,"column":6}},"38":{"start":{"line":88,"column":2},"end":{"line":90,"column":3}},"39":{"start":{"line":89,"column":4},"end":{"line":89,"column":26}},"40":{"start":{"line":94,"column":2},"end":{"line":94,"column":45}},"41":{"start":{"line":95,"column":2},"end":{"line":95,"column":47}},"42":{"start":{"line":96,"column":2},"end":{"line":96,"column":45}},"43":{"start":{"line":98,"column":16},"end":{"line":98,"column":27}},"44":{"start":{"line":99,"column":2},"end":{"line":99,"column":53}},"45":{"start":{"line":100,"column":2},"end":{"line":100,"column":31}}},"fnMap":{"0":{"name":"startStrictMode","decl":{"start":{"line":4,"column":9},"end":{"line":4,"column":24}},"loc":{"start":{"line":4,"column":33},"end":{"line":8,"column":1}},"line":4},"1":{"name":"(anonymous_1)","decl":{"start":{"line":5,"column":8},"end":{"line":5,"column":9}},"loc":{"start":{"line":5,"column":14},"end":{"line":5,"column":31}},"line":5},"2":{"name":"(anonymous_2)","decl":{"start":{"line":5,"column":33},"end":{"line":5,"column":34}},"loc":{"start":{"line":5,"column":39},"end":{"line":7,"column":3}},"line":5},"3":{"name":"installState","decl":{"start":{"line":10,"column":16},"end":{"line":10,"column":28}},"loc":{"start":{"line":10,"column":62},"end":{"line":76,"column":1}},"line":10},"4":{"name":"(anonymous_4)","decl":{"start":{"line":14,"column":49},"end":{"line":14,"column":50}},"loc":{"start":{"line":14,"column":65},"end":{"line":16,"column":5}},"line":14},"5":{"name":"(anonymous_5)","decl":{"start":{"line":18,"column":25},"end":{"line":18,"column":26}},"loc":{"start":{"line":18,"column":31},"end":{"line":20,"column":5}},"line":18},"6":{"name":"(anonymous_6)","decl":{"start":{"line":32,"column":24},"end":{"line":32,"column":25}},"loc":{"start":{"line":32,"column":41},"end":{"line":37,"column":3}},"line":32},"7":{"name":"(anonymous_7)","decl":{"start":{"line":34,"column":33},"end":{"line":34,"column":34}},"loc":{"start":{"line":34,"column":39},"end":{"line":36,"column":5}},"line":34},"8":{"name":"(anonymous_8)","decl":{"start":{"line":40,"column":26},"end":{"line":40,"column":27}},"loc":{"start":{"line":40,"column":44},"end":{"line":46,"column":3}},"line":40},"9":{"name":"(anonymous_9)","decl":{"start":{"line":43,"column":15},"end":{"line":43,"column":16}},"loc":{"start":{"line":43,"column":28},"end":{"line":45,"column":5}},"line":43},"10":{"name":"(anonymous_10)","decl":{"start":{"line":49,"column":24},"end":{"line":49,"column":25}},"loc":{"start":{"line":49,"column":41},"end":{"line":70,"column":3}},"line":49},"11":{"name":"(anonymous_11)","decl":{"start":{"line":52,"column":15},"end":{"line":52,"column":16}},"loc":{"start":{"line":52,"column":28},"end":{"line":69,"column":5}},"line":52},"12":{"name":"(anonymous_12)","decl":{"start":{"line":54,"column":16},"end":{"line":54,"column":17}},"loc":{"start":{"line":54,"column":41},"end":{"line":56,"column":9}},"line":54},"13":{"name":"(anonymous_13)","decl":{"start":{"line":57,"column":18},"end":{"line":57,"column":19}},"loc":{"start":{"line":57,"column":43},"end":{"line":59,"column":9}},"line":57},"14":{"name":"(anonymous_14)","decl":{"start":{"line":73,"column":22},"end":{"line":73,"column":23}},"loc":{"start":{"line":73,"column":38},"end":{"line":75,"column":3}},"line":73},"15":{"name":"resetStoreState","decl":{"start":{"line":78,"column":16},"end":{"line":78,"column":31}},"loc":{"start":{"line":78,"column":47},"end":{"line":91,"column":1}},"line":78},"16":{"name":"(anonymous_16)","decl":{"start":{"line":81,"column":39},"end":{"line":81,"column":40}},"loc":{"start":{"line":81,"column":56},"end":{"line":86,"column":3}},"line":81},"17":{"name":"resetStore","decl":{"start":{"line":93,"column":16},"end":{"line":93,"column":26}},"loc":{"start":{"line":93,"column":35},"end":{"line":101,"column":1}},"line":93}},"branchMap":{"0":{"loc":{"start":{"line":13,"column":2},"end":{"line":21,"column":3}},"type":"if","locations":[{"start":{"line":13,"column":2},"end":{"line":21,"column":3}},{"start":{"line":13,"column":2},"end":{"line":21,"column":3}}],"line":13},"1":{"loc":{"start":{"line":27,"column":2},"end":{"line":29,"column":3}},"type":"if","locations":[{"start":{"line":27,"column":2},"end":{"line":29,"column":3}},{"start":{"line":27,"column":2},"end":{"line":29,"column":3}}],"line":27},"2":{"loc":{"start":{"line":42,"column":18},"end":{"line":42,"column":85}},"type":"binary-expr","locations":[{"start":{"line":42,"column":18},"end":{"line":42,"column":46}},{"start":{"line":42,"column":51},"end":{"line":42,"column":84}}],"line":42},"3":{"loc":{"start":{"line":51,"column":18},"end":{"line":51,"column":81}},"type":"binary-expr","locations":[{"start":{"line":51,"column":18},"end":{"line":51,"column":44}},{"start":{"line":51,"column":49},"end":{"line":51,"column":80}}],"line":51},"4":{"loc":{"start":{"line":60,"column":17},"end":{"line":60,"column":42}},"type":"binary-expr","locations":[{"start":{"line":60,"column":17},"end":{"line":60,"column":36}},{"start":{"line":60,"column":40},"end":{"line":60,"column":42}}],"line":60},"5":{"loc":{"start":{"line":61,"column":15},"end":{"line":61,"column":38}},"type":"binary-expr","locations":[{"start":{"line":61,"column":15},"end":{"line":61,"column":32}},{"start":{"line":61,"column":36},"end":{"line":61,"column":38}}],"line":61},"6":{"loc":{"start":{"line":65,"column":6},"end":{"line":67,"column":7}},"type":"if","locations":[{"start":{"line":65,"column":6},"end":{"line":67,"column":7}},{"start":{"line":65,"column":6},"end":{"line":67,"column":7}}],"line":65},"7":{"loc":{"start":{"line":65,"column":10},"end":{"line":65,"column":47}},"type":"binary-expr","locations":[{"start":{"line":65,"column":10},"end":{"line":65,"column":13}},{"start":{"line":65,"column":17},"end":{"line":65,"column":47}}],"line":65},"8":{"loc":{"start":{"line":88,"column":2},"end":{"line":90,"column":3}},"type":"if","locations":[{"start":{"line":88,"column":2},"end":{"line":90,"column":3}},{"start":{"line":88,"column":2},"end":{"line":90,"column":3}}],"line":88}},"s":{"0":1,"1":1,"2":0,"3":33,"4":33,"5":6,"6":0,"7":6,"8":6,"9":6,"10":33,"11":33,"12":2,"13":33,"14":4,"15":4,"16":5,"17":33,"18":20,"19":20,"20":20,"21":11,"22":33,"23":3,"24":3,"25":3,"26":3,"27":3,"28":0,"29":3,"30":0,"31":3,"32":33,"33":3,"34":30,"35":30,"36":30,"37":4,"38":30,"39":1,"40":1,"41":1,"42":1,"43":1,"44":1,"45":1},"f":{"0":1,"1":1,"2":0,"3":33,"4":0,"5":6,"6":4,"7":5,"8":20,"9":11,"10":3,"11":3,"12":3,"13":0,"14":3,"15":30,"16":4,"17":1},"b":{"0":[6,27],"1":[2,31],"2":[20,19],"3":[3,3],"4":[3,3],"5":[3,0],"6":[0,3],"7":[3,0],"8":[1,29]},"_coverageSchema":"43e27e138ebf9cfc5966b082cf9a028302ed4184","hash":"5b68fdd69e0dfa2220b7b4e0ac31becf54b386a8"}
}
