TN:
SF:C:\Users\EDZ\Desktop\study\vue3\wxd-vuex\src\vuex\helpers.js
FN:3,getMapData
FN:13,createMapFun
FN:20,(anonymous_2)
FN:21,mappedState
FN:51,(anonymous_4)
FN:55,(anonymous_5)
FN:59,(anonymous_6)
FN:63,(anonymous_7)
FNF:8
FNH:8
FNDA:9,getMapData
FNDA:9,createMapFun
FNDA:9,(anonymous_2)
FNDA:11,mappedState
FNDA:5,(anonymous_4)
FNDA:2,(anonymous_5)
FNDA:1,(anonymous_6)
FNDA:1,(anonymous_7)
DA:4,9
DA:5,8
DA:6,8
DA:7,1
DA:8,1
DA:10,9
DA:14,9
DA:15,9
DA:16,9
DA:18,9
DA:20,9
DA:21,9
DA:22,11
DA:23,11
DA:24,11
DA:25,11
DA:27,11
DA:28,1
DA:29,1
DA:30,1
DA:33,11
DA:34,7
DA:37,4
DA:38,2
DA:41,2
DA:42,1
DA:43,1
DA:44,1
DA:48,9
DA:51,1
DA:52,5
DA:55,1
DA:56,2
DA:59,1
DA:60,1
DA:63,1
DA:64,1
LF:37
LH:37
BRDA:4,0,0,8
BRDA:4,0,1,1
BRDA:7,1,0,1
BRDA:7,1,1,0
BRDA:27,2,0,1
BRDA:27,2,1,10
BRDA:29,3,0,1
BRDA:29,3,1,0
BRDA:30,4,0,1
BRDA:30,4,1,1
BRDA:33,5,0,7
BRDA:33,5,1,4
BRDA:34,6,0,1
BRDA:34,6,1,6
BRDA:37,7,0,2
BRDA:37,7,1,2
BRDA:38,8,0,1
BRDA:38,8,1,1
BRDA:41,9,0,1
BRDA:41,9,1,1
BRDA:42,10,0,1
BRDA:42,10,1,0
BRDA:43,11,0,1
BRDA:43,11,1,0
BRDA:44,12,0,1
BRDA:44,12,1,0
BRF:26
BRH:21
end_of_record
TN:
SF:C:\Users\EDZ\Desktop\study\vue3\wxd-vuex\src\vuex\index.js
FN:5,createStore
FNF:1
FNH:1
FNDA:26,createStore
DA:6,26
LF:1
LH:1
BRF:0
BRH:0
end_of_record
TN:
SF:C:\Users\EDZ\Desktop\study\vue3\wxd-vuex\src\vuex\injectKey.js
FN:5,useStore
FNF:1
FNH:1
FNDA:2,useStore
DA:3,1
DA:6,2
LF:2
LH:2
BRDA:5,0,0,1
BRDA:6,1,0,1
BRDA:6,1,1,1
BRF:3
BRH:3
end_of_record
TN:
SF:C:\Users\EDZ\Desktop\study\vue3\wxd-vuex\src\vuex\store.js
FN:7,(anonymous_0)
FN:13,(anonymous_1)
FN:48,(anonymous_2)
FN:51,(anonymous_3)
FN:54,(anonymous_4)
FN:56,(anonymous_5)
FN:57,(anonymous_6)
FN:59,(anonymous_7)
FN:61,(anonymous_8)
FN:63,(anonymous_9)
FN:63,(anonymous_10)
FN:64,(anonymous_11)
FN:67,(anonymous_12)
FN:73,(anonymous_13)
FN:79,(anonymous_14)
FN:80,(anonymous_15)
FN:84,(anonymous_16)
FN:88,(anonymous_17)
FN:99,(anonymous_18)
FN:104,(anonymous_19)
FN:111,(anonymous_20)
FNF:21
FNH:21
FNDA:18,(anonymous_0)
FNDA:26,(anonymous_1)
FNDA:2,(anonymous_2)
FNDA:63,(anonymous_3)
FNDA:10,(anonymous_4)
FNDA:10,(anonymous_5)
FNDA:11,(anonymous_6)
FNDA:1,(anonymous_7)
FNDA:3,(anonymous_8)
FNDA:3,(anonymous_9)
FNDA:3,(anonymous_10)
FNDA:1,(anonymous_11)
FNDA:1,(anonymous_12)
FNDA:1,(anonymous_13)
FNDA:1,(anonymous_14)
FNDA:1,(anonymous_15)
FNDA:10,(anonymous_16)
FNDA:3,(anonymous_17)
FNDA:1,(anonymous_18)
FNDA:1,(anonymous_19)
FNDA:2,(anonymous_20)
DA:8,18
DA:9,18
DA:10,18
DA:11,18
DA:14,26
DA:17,26
DA:20,26
DA:22,26
DA:25,26
DA:27,26
DA:29,26
DA:31,26
DA:34,26
DA:35,26
DA:38,26
DA:41,26
DA:44,26
DA:47,26
DA:48,2
DA:52,63
DA:55,10
DA:56,10
DA:57,11
DA:59,10
DA:62,3
DA:63,3
DA:64,3
DA:68,1
DA:69,0
DA:71,1
DA:74,1
DA:75,0
DA:77,1
DA:80,1
DA:81,1
DA:85,10
DA:86,10
DA:89,3
DA:91,3
DA:93,3
DA:95,3
DA:97,3
DA:100,1
DA:102,1
DA:104,1
DA:105,1
DA:106,1
DA:109,1
DA:112,2
DA:114,2
LF:50
LH:48
BRDA:10,0,0,18
BRDA:10,0,1,18
BRDA:13,1,0,0
BRDA:20,2,0,26
BRDA:20,2,1,25
BRDA:47,3,0,2
BRDA:47,3,1,24
BRDA:55,4,0,10
BRDA:55,4,1,0
BRDA:62,5,0,3
BRDA:62,5,1,0
BRDA:68,6,0,0
BRDA:68,6,1,1
BRDA:74,7,0,0
BRDA:74,7,1,1
BRDA:84,8,0,0
BRDA:85,9,0,1
BRDA:85,9,1,9
BRDA:89,10,0,0
BRDA:89,10,1,3
BRDA:100,11,0,0
BRDA:100,11,1,1
BRDA:112,12,0,2
BRDA:112,12,1,0
BRF:24
BRH:15
end_of_record
TN:
SF:C:\Users\EDZ\Desktop\study\vue3\wxd-vuex\src\vuex\utils.js
FN:1,objectForEach
FN:8,(anonymous_1)
FN:13,getNewestState
FN:14,(anonymous_3)
FN:17,normalizeMap
FN:22,(anonymous_5)
FN:23,(anonymous_6)
FNF:7
FNH:7
FNDA:93,objectForEach
FNDA:37,(anonymous_1)
FNDA:17,getNewestState
FNDA:1,(anonymous_3)
FNDA:9,normalizeMap
FNDA:7,(anonymous_5)
FNDA:2,(anonymous_6)
DA:2,93
DA:3,0
DA:5,93
DA:6,0
DA:8,93
DA:9,37
DA:14,17
DA:18,9
DA:19,0
DA:21,9
DA:22,7
DA:23,2
LF:12
LH:9
BRDA:2,0,0,0
BRDA:2,0,1,93
BRDA:2,1,0,93
BRDA:2,1,1,93
BRDA:5,2,0,0
BRDA:5,2,1,93
BRDA:18,3,0,0
BRDA:18,3,1,9
BRDA:21,4,0,7
BRDA:21,4,1,2
BRF:10
BRH:7
end_of_record
TN:
SF:C:\Users\EDZ\Desktop\study\vue3\wxd-vuex\src\vuex\module\module.js
FN:4,(anonymous_0)
FN:10,(anonymous_1)
FN:13,(anonymous_2)
FN:16,(anonymous_3)
FN:19,(anonymous_4)
FN:22,(anonymous_5)
FN:25,(anonymous_6)
FN:31,(anonymous_7)
FN:37,(anonymous_8)
FNF:9
FNH:9
FNDA:32,(anonymous_0)
FNDA:6,(anonymous_1)
FNDA:6,(anonymous_2)
FNDA:1,(anonymous_3)
FNDA:2,(anonymous_4)
FNDA:33,(anonymous_5)
FNDA:33,(anonymous_6)
FNDA:33,(anonymous_7)
FNDA:33,(anonymous_8)
DA:5,32
DA:6,32
DA:7,32
DA:8,32
DA:11,6
DA:14,6
DA:17,1
DA:20,2
DA:23,33
DA:26,33
DA:27,33
DA:28,4
DA:32,33
DA:33,33
DA:34,20
DA:38,33
DA:39,33
DA:40,3
LF:18
LH:18
BRDA:7,0,0,32
BRDA:7,0,1,7
BRDA:27,1,0,4
BRDA:27,1,1,29
BRDA:33,2,0,20
BRDA:33,2,1,13
BRDA:39,3,0,3
BRDA:39,3,1,30
BRF:8
BRH:8
end_of_record
TN:
SF:C:\Users\EDZ\Desktop\study\vue3\wxd-vuex\src\vuex\module\moduleCollection.js
FN:5,(anonymous_0)
FN:9,(anonymous_1)
FN:14,(anonymous_2)
FN:22,(anonymous_3)
FN:29,(anonymous_4)
FN:31,(anonymous_5)
FN:36,(anonymous_6)
FN:37,(anonymous_7)
FN:43,(anonymous_8)
FN:44,(anonymous_9)
FNF:10
FNH:7
FNDA:26,(anonymous_0)
FNDA:32,(anonymous_1)
FNDA:0,(anonymous_2)
FNDA:3,(anonymous_3)
FNDA:33,(anonymous_4)
FNDA:6,(anonymous_5)
FNDA:1,(anonymous_6)
FNDA:0,(anonymous_7)
FNDA:2,(anonymous_8)
FNDA:0,(anonymous_9)
DA:6,26
DA:7,26
DA:10,32
DA:11,32
DA:12,26
DA:14,6
DA:15,0
DA:17,6
DA:18,6
DA:21,32
DA:22,3
DA:23,3
DA:27,32
DA:30,33
DA:31,33
DA:32,6
DA:33,6
DA:37,1
DA:38,0
DA:41,1
DA:44,2
DA:45,0
DA:48,2
LF:23
LH:20
BRDA:11,0,0,26
BRDA:11,0,1,6
BRDA:21,1,0,3
BRDA:21,1,1,29
BRDA:33,2,0,2
BRDA:33,2,1,4
BRF:6
BRH:6
end_of_record
TN:
SF:C:\Users\EDZ\Desktop\study\vue3\wxd-vuex\src\vuex\state\index.js
FN:4,startStrictMode
FN:5,(anonymous_1)
FN:5,(anonymous_2)
FN:10,installState
FN:14,(anonymous_4)
FN:18,(anonymous_5)
FN:32,(anonymous_6)
FN:34,(anonymous_7)
FN:40,(anonymous_8)
FN:43,(anonymous_9)
FN:49,(anonymous_10)
FN:52,(anonymous_11)
FN:54,(anonymous_12)
FN:57,(anonymous_13)
FN:73,(anonymous_14)
FN:78,resetStoreState
FN:81,(anonymous_16)
FN:93,resetStore
FNF:18
FNH:15
FNDA:1,startStrictMode
FNDA:1,(anonymous_1)
FNDA:0,(anonymous_2)
FNDA:33,installState
FNDA:0,(anonymous_4)
FNDA:6,(anonymous_5)
FNDA:4,(anonymous_6)
FNDA:5,(anonymous_7)
FNDA:20,(anonymous_8)
FNDA:11,(anonymous_9)
FNDA:3,(anonymous_10)
FNDA:3,(anonymous_11)
FNDA:3,(anonymous_12)
FNDA:0,(anonymous_13)
FNDA:3,(anonymous_14)
FNDA:30,resetStoreState
FNDA:4,(anonymous_16)
FNDA:1,resetStore
DA:5,1
DA:6,0
DA:11,33
DA:13,33
DA:14,6
DA:15,0
DA:17,6
DA:18,6
DA:19,6
DA:24,33
DA:27,33
DA:28,2
DA:32,33
DA:33,4
DA:34,4
DA:35,5
DA:40,33
DA:41,20
DA:42,20
DA:43,20
DA:44,11
DA:49,33
DA:50,3
DA:51,3
DA:52,3
DA:53,3
DA:55,3
DA:58,0
DA:65,3
DA:66,0
DA:68,3
DA:73,33
DA:74,3
DA:79,30
DA:80,30
DA:81,30
DA:82,4
DA:88,30
DA:89,1
DA:94,1
DA:95,1
DA:96,1
DA:98,1
DA:99,1
DA:100,1
LF:45
LH:41
BRDA:13,0,0,6
BRDA:13,0,1,27
BRDA:27,1,0,2
BRDA:27,1,1,31
BRDA:42,2,0,20
BRDA:42,2,1,19
BRDA:51,3,0,3
BRDA:51,3,1,3
BRDA:60,4,0,3
BRDA:60,4,1,3
BRDA:61,5,0,3
BRDA:61,5,1,0
BRDA:65,6,0,0
BRDA:65,6,1,3
BRDA:65,7,0,3
BRDA:65,7,1,0
BRDA:88,8,0,1
BRDA:88,8,1,29
BRF:18
BRH:15
end_of_record
